Started GET "/" for 127.0.0.1 at 2024-02-21 20:14:53 +0300
  [1m[35m (7.0ms)[0m  [1m[35mCREATE TABLE "schema_migrations" ("version" varchar NOT NULL PRIMARY KEY)[0m
  [1m[35m (2.2ms)[0m  [1m[35mCREATE TABLE "ar_internal_metadata" ("key" varchar NOT NULL PRIMARY KEY, "value" varchar, "created_at" datetime(6) NOT NULL, "updated_at" datetime(6) NOT NULL)[0m
  [1m[36mActiveRecord::SchemaMigration Load (0.3ms)[0m  [1m[34mSELECT "schema_migrations"."version" FROM "schema_migrations" ORDER BY "schema_migrations"."version" ASC[0m
Processing by LabsController#index as HTML
  Rendering layout layouts/application.html.erb
  Rendering labs/index.html.erb within layouts/application
  Rendered labs/index.html.erb within layouts/application (Duration: 1.0ms | Allocations: 180)
  Rendered layout layouts/application.html.erb (Duration: 1779.8ms | Allocations: 91748)
Completed 200 OK in 1953ms (Views: 1833.6ms | ActiveRecord: 0.0ms | Allocations: 99312)


Started GET "/labs/new" for 127.0.0.1 at 2024-02-21 20:40:43 +0300
  [1m[36mActiveRecord::SchemaMigration Load (0.4ms)[0m  [1m[34mSELECT "schema_migrations"."version" FROM "schema_migrations" ORDER BY "schema_migrations"."version" ASC[0m
Processing by LabsController#new as HTML
Completed 406 Not Acceptable in 12ms (ActiveRecord: 0.0ms | Allocations: 2032)


  
ActionController::MissingExactTemplate (LabsController#new is missing a template for request formats: text/html):
  
actionpack (7.1.3) lib/action_controller/metal/implicit_render.rb:47:in `default_render'
actionpack (7.1.3) lib/action_controller/metal/basic_implicit_render.rb:7:in `send_action'
actionpack (7.1.3) lib/abstract_controller/base.rb:224:in `process_action'
actionpack (7.1.3) lib/action_controller/metal/rendering.rb:165:in `process_action'
actionpack (7.1.3) lib/abstract_controller/callbacks.rb:259:in `block in process_action'
activesupport (7.1.3) lib/active_support/callbacks.rb:121:in `block in run_callbacks'
turbo-rails (2.0.3) lib/turbo-rails.rb:24:in `with_request_id'
turbo-rails (2.0.3) app/controllers/concerns/turbo/request_id_tracking.rb:10:in `turbo_tracking_request_id'
activesupport (7.1.3) lib/active_support/callbacks.rb:130:in `block in run_callbacks'
actiontext (7.1.3) lib/action_text/rendering.rb:23:in `with_renderer'
actiontext (7.1.3) lib/action_text/engine.rb:69:in `block (4 levels) in <class:Engine>'
activesupport (7.1.3) lib/active_support/callbacks.rb:130:in `instance_exec'
activesupport (7.1.3) lib/active_support/callbacks.rb:130:in `block in run_callbacks'
activesupport (7.1.3) lib/active_support/callbacks.rb:141:in `run_callbacks'
actionpack (7.1.3) lib/abstract_controller/callbacks.rb:258:in `process_action'
actionpack (7.1.3) lib/action_controller/metal/rescue.rb:25:in `process_action'
actionpack (7.1.3) lib/action_controller/metal/instrumentation.rb:74:in `block in process_action'
activesupport (7.1.3) lib/active_support/notifications.rb:206:in `block in instrument'
activesupport (7.1.3) lib/active_support/notifications/instrumenter.rb:58:in `instrument'
activesupport (7.1.3) lib/active_support/notifications.rb:206:in `instrument'
actionpack (7.1.3) lib/action_controller/metal/instrumentation.rb:73:in `process_action'
actionpack (7.1.3) lib/action_controller/metal/params_wrapper.rb:261:in `process_action'
activerecord (7.1.3) lib/active_record/railties/controller_runtime.rb:32:in `process_action'
actionpack (7.1.3) lib/abstract_controller/base.rb:160:in `process'
actionview (7.1.3) lib/action_view/rendering.rb:40:in `process'
actionpack (7.1.3) lib/action_controller/metal.rb:227:in `dispatch'
actionpack (7.1.3) lib/action_controller/metal.rb:309:in `dispatch'
actionpack (7.1.3) lib/action_dispatch/routing/route_set.rb:49:in `dispatch'
actionpack (7.1.3) lib/action_dispatch/routing/route_set.rb:32:in `serve'
actionpack (7.1.3) lib/action_dispatch/journey/router.rb:51:in `block in serve'
actionpack (7.1.3) lib/action_dispatch/journey/router.rb:131:in `block in find_routes'
actionpack (7.1.3) lib/action_dispatch/journey/router.rb:124:in `each'
actionpack (7.1.3) lib/action_dispatch/journey/router.rb:124:in `find_routes'
actionpack (7.1.3) lib/action_dispatch/journey/router.rb:32:in `serve'
actionpack (7.1.3) lib/action_dispatch/routing/route_set.rb:882:in `call'
rack (3.0.9) lib/rack/tempfile_reaper.rb:20:in `call'
rack (3.0.9) lib/rack/etag.rb:29:in `call'
rack (3.0.9) lib/rack/conditional_get.rb:31:in `call'
rack (3.0.9) lib/rack/head.rb:15:in `call'
actionpack (7.1.3) lib/action_dispatch/http/permissions_policy.rb:36:in `call'
actionpack (7.1.3) lib/action_dispatch/http/content_security_policy.rb:33:in `call'
rack-session (2.0.0) lib/rack/session/abstract/id.rb:272:in `context'
rack-session (2.0.0) lib/rack/session/abstract/id.rb:266:in `call'
actionpack (7.1.3) lib/action_dispatch/middleware/cookies.rb:689:in `call'
activerecord (7.1.3) lib/active_record/migration.rb:655:in `call'
actionpack (7.1.3) lib/action_dispatch/middleware/callbacks.rb:29:in `block in call'
activesupport (7.1.3) lib/active_support/callbacks.rb:101:in `run_callbacks'
actionpack (7.1.3) lib/action_dispatch/middleware/callbacks.rb:28:in `call'
actionpack (7.1.3) lib/action_dispatch/middleware/executor.rb:14:in `call'
actionpack (7.1.3) lib/action_dispatch/middleware/actionable_exceptions.rb:16:in `call'
actionpack (7.1.3) lib/action_dispatch/middleware/debug_exceptions.rb:29:in `call'
web-console (4.2.1) lib/web_console/middleware.rb:132:in `call_app'
web-console (4.2.1) lib/web_console/middleware.rb:28:in `block in call'
web-console (4.2.1) lib/web_console/middleware.rb:17:in `catch'
web-console (4.2.1) lib/web_console/middleware.rb:17:in `call'
actionpack (7.1.3) lib/action_dispatch/middleware/show_exceptions.rb:31:in `call'
railties (7.1.3) lib/rails/rack/logger.rb:37:in `call_app'
railties (7.1.3) lib/rails/rack/logger.rb:24:in `block in call'
activesupport (7.1.3) lib/active_support/tagged_logging.rb:135:in `block in tagged'
activesupport (7.1.3) lib/active_support/tagged_logging.rb:39:in `tagged'
activesupport (7.1.3) lib/active_support/tagged_logging.rb:135:in `tagged'
activesupport (7.1.3) lib/active_support/broadcast_logger.rb:240:in `method_missing'
railties (7.1.3) lib/rails/rack/logger.rb:24:in `call'
sprockets-rails (3.4.2) lib/sprockets/rails/quiet_assets.rb:13:in `call'
actionpack (7.1.3) lib/action_dispatch/middleware/remote_ip.rb:92:in `call'
actionpack (7.1.3) lib/action_dispatch/middleware/request_id.rb:28:in `call'
rack (3.0.9) lib/rack/method_override.rb:28:in `call'
rack (3.0.9) lib/rack/runtime.rb:24:in `call'
activesupport (7.1.3) lib/active_support/cache/strategy/local_cache_middleware.rb:29:in `call'
actionpack (7.1.3) lib/action_dispatch/middleware/server_timing.rb:59:in `block in call'
actionpack (7.1.3) lib/action_dispatch/middleware/server_timing.rb:24:in `collect_events'
actionpack (7.1.3) lib/action_dispatch/middleware/server_timing.rb:58:in `call'
actionpack (7.1.3) lib/action_dispatch/middleware/executor.rb:14:in `call'
actionpack (7.1.3) lib/action_dispatch/middleware/static.rb:25:in `call'
rack (3.0.9) lib/rack/sendfile.rb:114:in `call'
actionpack (7.1.3) lib/action_dispatch/middleware/host_authorization.rb:141:in `call'
railties (7.1.3) lib/rails/engine.rb:536:in `call'
puma (6.4.2) lib/puma/configuration.rb:272:in `call'
puma (6.4.2) lib/puma/request.rb:100:in `block in handle_request'
puma (6.4.2) lib/puma/thread_pool.rb:378:in `with_force_shutdown'
puma (6.4.2) lib/puma/request.rb:99:in `handle_request'
puma (6.4.2) lib/puma/server.rb:464:in `process_client'
puma (6.4.2) lib/puma/server.rb:245:in `block in run'
puma (6.4.2) lib/puma/thread_pool.rb:155:in `block in spawn_thread'
Started GET "/labs/new" for 127.0.0.1 at 2024-02-21 20:41:58 +0300
  [1m[36mActiveRecord::SchemaMigration Load (0.3ms)[0m  [1m[34mSELECT "schema_migrations"."version" FROM "schema_migrations" ORDER BY "schema_migrations"."version" ASC[0m
Processing by LabsController#new as HTML
  Rendering layout layouts/application.html.erb
  Rendering labs/new.html.erb within layouts/application
  Rendered labs/new.html.erb within layouts/application (Duration: 1.2ms | Allocations: 185)
  Rendered layout layouts/application.html.erb (Duration: 203.0ms | Allocations: 36516)
Completed 200 OK in 231ms (Views: 216.2ms | ActiveRecord: 0.0ms | Allocations: 40643)


Started GET "/labs/new" for 127.0.0.1 at 2024-02-23 09:40:13 +0300
  [1m[36mActiveRecord::SchemaMigration Load (0.3ms)[0m  [1m[34mSELECT "schema_migrations"."version" FROM "schema_migrations" ORDER BY "schema_migrations"."version" ASC[0m
Processing by LabsController#new as HTML
  Rendering layout layouts/application.html.erb
  Rendering labs/new.html.erb within layouts/application
  Rendered labs/new.html.erb within layouts/application (Duration: 1.4ms | Allocations: 185)
  Rendered layout layouts/application.html.erb (Duration: 207.1ms | Allocations: 33790)
Completed 200 OK in 270ms (Views: 220.7ms | ActiveRecord: 0.0ms | Allocations: 37983)


Started GET "/labs/new" for 127.0.0.1 at 2024-02-23 09:49:10 +0300
Processing by LabsController#new as HTML
  Rendering layout layouts/application.html.erb
  Rendering labs/new.html.erb within layouts/application
  Rendered labs/new.html.erb within layouts/application (Duration: 33.0ms | Allocations: 1551)
  Rendered layout layouts/application.html.erb (Duration: 39.5ms | Allocations: 1657)
Completed 500 Internal Server Error in 45ms (ActiveRecord: 0.0ms | Allocations: 2622)


  
ActionView::SyntaxErrorInTemplate (Encountered a syntax error while rendering template: check <h2>Добавление новой лабы</h2>
<%= form_for :labs , url: labs_path do |f|
<p>
 Название<br>
 <%=f.text_field: title%>
</p>

<p>
 Текст лабы<br>
 <%=f.text_area: body%>
</p>


<p>
 <%=f.submit%>
</p>

<%end%>
):
1:    <h2>Добавление новой лабы</h2>
2:    <%= form_for :labs , url: labs_path do |f|
3:    <p>
4:     Название<br>
5:     <%=f.text_field: title%>
6:    </p>
7:    
8:    <p>
9:     Текст лабы<br>
10:     <%=f.text_area: body%>
11:    </p>
12:    
13:    
14:    <p>
15:     <%=f.submit%>
16:    </p>
17:    
18:    <%end%>
  
app/views/labs/new.html.erb:3: syntax error, unexpected '<'
app/views/labs/new.html.erb:10: syntax error, unexpected ':'
app/views/labs/new.html.erb:18: syntax error, unexpected `end', expecting ')'
app/views/labs/new.html.erb:20: syntax error, unexpected `end', expecting ')'
Started GET "/labs/new" for 127.0.0.1 at 2024-02-23 09:53:18 +0300
Processing by LabsController#new as HTML
  Rendering layout layouts/application.html.erb
  Rendering labs/new.html.erb within layouts/application
  Rendered labs/new.html.erb within layouts/application (Duration: 1.6ms | Allocations: 1163)
  Rendered layout layouts/application.html.erb (Duration: 2.6ms | Allocations: 1271)
Completed 500 Internal Server Error in 8ms (ActiveRecord: 0.0ms | Allocations: 2217)


  
ActionView::SyntaxErrorInTemplate (Encountered a syntax error while rendering template: check <h2>Добавление новой лабы</h2>
<%= form_for :labs , url: labs_path do |f|
    <p>
    Название<br>
    <%=f.text_field: title%>
    </p>

    <p>
    Текст лабы<br>
    <%=f.text_area: body%>
    </p>


    <p>
    <%=f.submit%>
    </p>

<%end%>
):
1:    <h2>Добавление новой лабы</h2>
2:    <%= form_for :labs , url: labs_path do |f|
3:        <p>
4:        Название<br>
5:        <%=f.text_field: title%>
6:        </p>
7:    
8:        <p>
9:        Текст лабы<br>
10:        <%=f.text_area: body%>
11:        </p>
12:    
13:    
14:        <p>
15:        <%=f.submit%>
16:        </p>
17:    
18:    <%end%>
  
app/views/labs/new.html.erb:3: syntax error, unexpected '<'
app/views/labs/new.html.erb:10: syntax error, unexpected ':'
app/views/labs/new.html.erb:18: syntax error, unexpected `end', expecting ')'
app/views/labs/new.html.erb:20: syntax error, unexpected `end', expecting ')'
Started GET "/labs/new" for 127.0.0.1 at 2024-02-23 09:54:15 +0300
  [1m[36mActiveRecord::SchemaMigration Load (0.3ms)[0m  [1m[34mSELECT "schema_migrations"."version" FROM "schema_migrations" ORDER BY "schema_migrations"."version" ASC[0m
Processing by LabsController#new as HTML
  Rendering layout layouts/application.html.erb
  Rendering labs/new.html.erb within layouts/application
  Rendered labs/new.html.erb within layouts/application (Duration: 5.3ms | Allocations: 1709)
  Rendered layout layouts/application.html.erb (Duration: 6.3ms | Allocations: 1851)
Completed 500 Internal Server Error in 47ms (ActiveRecord: 0.0ms | Allocations: 5979)


  
ActionView::SyntaxErrorInTemplate (Encountered a syntax error while rendering template: check <h2>Добавление новой лабы</h2>
<%= form_for :labs , url: labs_path do |f|
    <p>
    Название<br>
    <%=f.text_field: title%>
    </p>

    <p>
    Текст лабы<br>
    <%=f.text_area: body%>
    </p>


    <p>
    <%=f.submit%>
    </p>

<%end%>
):
1:    <h2>Добавление новой лабы</h2>
2:    <%= form_for :labs , url: labs_path do |f|
3:        <p>
4:        Название<br>
5:        <%=f.text_field: title%>
6:        </p>
7:    
8:        <p>
9:        Текст лабы<br>
10:        <%=f.text_area: body%>
11:        </p>
12:    
13:    
14:        <p>
15:        <%=f.submit%>
16:        </p>
17:    
18:    <%end%>
  
app/views/labs/new.html.erb:3: syntax error, unexpected '<'
app/views/labs/new.html.erb:10: syntax error, unexpected ':'
app/views/labs/new.html.erb:18: syntax error, unexpected `end', expecting ')'
app/views/labs/new.html.erb:20: syntax error, unexpected `end', expecting ')'
Started GET "/labs/new" for 127.0.0.1 at 2024-02-23 09:54:59 +0300
Processing by LabsController#new as HTML
  Rendering layout layouts/application.html.erb
  Rendering labs/new.html.erb within layouts/application
  Rendered labs/new.html.erb within layouts/application (Duration: 6.1ms | Allocations: 1245)
  Rendered layout layouts/application.html.erb (Duration: 16.5ms | Allocations: 1353)
Completed 500 Internal Server Error in 52ms (ActiveRecord: 0.0ms | Allocations: 2302)


  
ActionView::SyntaxErrorInTemplate (Encountered a syntax error while rendering template: check <h2>Добавление новой лабы</h2>
<%= form_for :labs , url: labs_path do |f|
    # <p>
    Название<br>
    <%=f.text_field: title%>
    <%# </p> %>

    <%# <p> %>
    Текст лабы<br>
    <%=f.text_area: body%>
    <%# </p> %>


    <%# <p> %>
    <%=f.submit%>
    <%# </p> %>

<%end%>
):
1:    <h2>Добавление новой лабы</h2>
2:    <%= form_for :labs , url: labs_path do |f|
3:        # <p>
4:        Название<br>
5:        <%=f.text_field: title%>
6:        <%# </p> %>
7:    
8:        <%# <p> %>
9:        Текст лабы<br>
10:        <%=f.text_area: body%>
11:        <%# </p> %>
12:    
13:    
14:        <%# <p> %>
15:        <%=f.submit%>
16:        <%# </p> %>
17:    
18:    <%end%>
  
app/views/labs/new.html.erb:5: syntax error, unexpected '<'
app/views/labs/new.html.erb:10: syntax error, unexpected ':'
app/views/labs/new.html.erb:18: syntax error, unexpected `end', expecting ')'
app/views/labs/new.html.erb:20: syntax error, unexpected `end', expecting ')'
Started GET "/labs/new" for 127.0.0.1 at 2024-02-23 09:57:12 +0300
Processing by LabsController#new as HTML
  Rendering layout layouts/application.html.erb
  Rendering labs/new.html.erb within layouts/application
  Rendered labs/new.html.erb within layouts/application (Duration: 1.4ms | Allocations: 1160)
  Rendered layout layouts/application.html.erb (Duration: 11.2ms | Allocations: 1262)
Completed 500 Internal Server Error in 38ms (ActiveRecord: 0.0ms | Allocations: 2190)


  
ActionView::SyntaxErrorInTemplate (Encountered a syntax error while rendering template: check <h2>Добавление новой лабы</h2>
<%= form_for :labs , url: labs_path do |f|%>%
    <p>
    Название<br>
    <%=f.text_field: title%>
    </p>

    <p>
    Текст лабы<br>
    <%=f.text_area: body%>
    </p>


    <p>
    <%=f.submit%>
    </p>

<%end%>
):
1:    <h2>Добавление новой лабы</h2>
2:    <%= form_for :labs , url: labs_path do |f|%>%
3:        <p>
4:        Название<br>
5:        <%=f.text_field: title%>
6:        </p>
7:    
8:        <p>
9:        Текст лабы<br>
10:        <%=f.text_area: body%>
11:        </p>
12:    
13:    
14:        <p>
15:        <%=f.submit%>
16:        </p>
17:    
18:    <%end%>
  
app/views/labs/new.html.erb:5: syntax error, unexpected ':'
app/views/labs/new.html.erb:10: syntax error, unexpected ':'
Started GET "/labs/new" for 127.0.0.1 at 2024-02-23 09:57:33 +0300
Processing by LabsController#new as HTML
  Rendering layout layouts/application.html.erb
  Rendering labs/new.html.erb within layouts/application
  Rendered labs/new.html.erb within layouts/application (Duration: 5.0ms | Allocations: 1223)
  Rendered layout layouts/application.html.erb (Duration: 5.5ms | Allocations: 1325)
Completed 500 Internal Server Error in 12ms (ActiveRecord: 0.0ms | Allocations: 2256)


  
ActionView::SyntaxErrorInTemplate (Encountered a syntax error while rendering template: check <h2>Добавление новой лабы</h2>
<%= form_for :labs , url: labs_path do |f|%>
    <p>
    Название<br>
    <%=f.text_field: title%>
    </p>

    <p>
    Текст лабы<br>
    <%=f.text_area: body%>
    </p>


    <p>
    <%=f.submit%>
    </p>

<%end%>
):
1:    <h2>Добавление новой лабы</h2>
2:    <%= form_for :labs , url: labs_path do |f|%>
3:        <p>
4:        Название<br>
5:        <%=f.text_field: title%>
6:        </p>
7:    
8:        <p>
9:        Текст лабы<br>
10:        <%=f.text_area: body%>
11:        </p>
12:    
13:    
14:        <p>
15:        <%=f.submit%>
16:        </p>
17:    
18:    <%end%>
  
app/views/labs/new.html.erb:5: syntax error, unexpected ':'
app/views/labs/new.html.erb:10: syntax error, unexpected ':'
Started GET "/labs/new" for 127.0.0.1 at 2024-02-23 10:01:45 +0300
Processing by LabsController#new as HTML
  Rendering layout layouts/application.html.erb
  Rendering labs/new.html.erb within layouts/application
  Rendered labs/new.html.erb within layouts/application (Duration: 1.4ms | Allocations: 1160)
  Rendered layout layouts/application.html.erb (Duration: 2.2ms | Allocations: 1262)
Completed 500 Internal Server Error in 6ms (ActiveRecord: 0.0ms | Allocations: 2188)


  
ActionView::SyntaxErrorInTemplate (Encountered a syntax error while rendering template: check <h2>Добавление новой лабы</h2>
<%= form_for :labs , url: labs_path do |f|%>
    <p>
    Название<br>
    <%=f.text_field: title %>
    </p>

    <p>
    Текст лабы<br>
    <%=f.text_area: body %>
    </p>


    <p>
    <%=f.submit%>
    </p>

<%end%>
):
1:    <h2>Добавление новой лабы</h2>
2:    <%= form_for :labs , url: labs_path do |f|%>
3:        <p>
4:        Название<br>
5:        <%=f.text_field: title %>
6:        </p>
7:    
8:        <p>
9:        Текст лабы<br>
10:        <%=f.text_area: body %>
11:        </p>
12:    
13:    
14:        <p>
15:        <%=f.submit%>
16:        </p>
17:    
18:    <%end%>
  
app/views/labs/new.html.erb:5: syntax error, unexpected ':'
app/views/labs/new.html.erb:10: syntax error, unexpected ':'
Started GET "/labs/new" for 127.0.0.1 at 2024-02-23 10:05:19 +0300
Processing by LabsController#new as HTML
  Rendering layout layouts/application.html.erb
  Rendering labs/new.html.erb within layouts/application
  Rendered labs/new.html.erb within layouts/application (Duration: 35.7ms | Allocations: 1465)
  Rendered layout layouts/application.html.erb (Duration: 186.7ms | Allocations: 34117)
Completed 200 OK in 191ms (Views: 189.9ms | ActiveRecord: 0.0ms | Allocations: 35080)


Started POST "/labs" for 127.0.0.1 at 2024-02-23 10:05:29 +0300
  
AbstractController::ActionNotFound (The action 'create' could not be found for LabsController):
  
actionpack (7.1.3) lib/abstract_controller/base.rb:155:in `process'
actionview (7.1.3) lib/action_view/rendering.rb:40:in `process'
actionpack (7.1.3) lib/action_controller/metal.rb:227:in `dispatch'
actionpack (7.1.3) lib/action_controller/metal.rb:309:in `dispatch'
actionpack (7.1.3) lib/action_dispatch/routing/route_set.rb:49:in `dispatch'
actionpack (7.1.3) lib/action_dispatch/routing/route_set.rb:32:in `serve'
actionpack (7.1.3) lib/action_dispatch/journey/router.rb:51:in `block in serve'
actionpack (7.1.3) lib/action_dispatch/journey/router.rb:131:in `block in find_routes'
actionpack (7.1.3) lib/action_dispatch/journey/router.rb:124:in `each'
actionpack (7.1.3) lib/action_dispatch/journey/router.rb:124:in `find_routes'
actionpack (7.1.3) lib/action_dispatch/journey/router.rb:32:in `serve'
actionpack (7.1.3) lib/action_dispatch/routing/route_set.rb:882:in `call'
rack (3.0.9) lib/rack/tempfile_reaper.rb:20:in `call'
rack (3.0.9) lib/rack/etag.rb:29:in `call'
rack (3.0.9) lib/rack/conditional_get.rb:43:in `call'
rack (3.0.9) lib/rack/head.rb:15:in `call'
actionpack (7.1.3) lib/action_dispatch/http/permissions_policy.rb:36:in `call'
actionpack (7.1.3) lib/action_dispatch/http/content_security_policy.rb:33:in `call'
rack-session (2.0.0) lib/rack/session/abstract/id.rb:272:in `context'
rack-session (2.0.0) lib/rack/session/abstract/id.rb:266:in `call'
actionpack (7.1.3) lib/action_dispatch/middleware/cookies.rb:689:in `call'
activerecord (7.1.3) lib/active_record/migration.rb:655:in `call'
actionpack (7.1.3) lib/action_dispatch/middleware/callbacks.rb:29:in `block in call'
activesupport (7.1.3) lib/active_support/callbacks.rb:101:in `run_callbacks'
actionpack (7.1.3) lib/action_dispatch/middleware/callbacks.rb:28:in `call'
actionpack (7.1.3) lib/action_dispatch/middleware/executor.rb:14:in `call'
actionpack (7.1.3) lib/action_dispatch/middleware/actionable_exceptions.rb:16:in `call'
actionpack (7.1.3) lib/action_dispatch/middleware/debug_exceptions.rb:29:in `call'
web-console (4.2.1) lib/web_console/middleware.rb:132:in `call_app'
web-console (4.2.1) lib/web_console/middleware.rb:28:in `block in call'
web-console (4.2.1) lib/web_console/middleware.rb:17:in `catch'
web-console (4.2.1) lib/web_console/middleware.rb:17:in `call'
actionpack (7.1.3) lib/action_dispatch/middleware/show_exceptions.rb:31:in `call'
railties (7.1.3) lib/rails/rack/logger.rb:37:in `call_app'
railties (7.1.3) lib/rails/rack/logger.rb:24:in `block in call'
activesupport (7.1.3) lib/active_support/tagged_logging.rb:135:in `block in tagged'
activesupport (7.1.3) lib/active_support/tagged_logging.rb:39:in `tagged'
activesupport (7.1.3) lib/active_support/tagged_logging.rb:135:in `tagged'
activesupport (7.1.3) lib/active_support/broadcast_logger.rb:240:in `method_missing'
railties (7.1.3) lib/rails/rack/logger.rb:24:in `call'
sprockets-rails (3.4.2) lib/sprockets/rails/quiet_assets.rb:13:in `call'
actionpack (7.1.3) lib/action_dispatch/middleware/remote_ip.rb:92:in `call'
actionpack (7.1.3) lib/action_dispatch/middleware/request_id.rb:28:in `call'
rack (3.0.9) lib/rack/method_override.rb:28:in `call'
rack (3.0.9) lib/rack/runtime.rb:24:in `call'
activesupport (7.1.3) lib/active_support/cache/strategy/local_cache_middleware.rb:29:in `call'
actionpack (7.1.3) lib/action_dispatch/middleware/server_timing.rb:59:in `block in call'
actionpack (7.1.3) lib/action_dispatch/middleware/server_timing.rb:24:in `collect_events'
actionpack (7.1.3) lib/action_dispatch/middleware/server_timing.rb:58:in `call'
actionpack (7.1.3) lib/action_dispatch/middleware/executor.rb:14:in `call'
actionpack (7.1.3) lib/action_dispatch/middleware/static.rb:25:in `call'
rack (3.0.9) lib/rack/sendfile.rb:114:in `call'
actionpack (7.1.3) lib/action_dispatch/middleware/host_authorization.rb:141:in `call'
railties (7.1.3) lib/rails/engine.rb:536:in `call'
puma (6.4.2) lib/puma/configuration.rb:272:in `call'
puma (6.4.2) lib/puma/request.rb:100:in `block in handle_request'
puma (6.4.2) lib/puma/thread_pool.rb:378:in `with_force_shutdown'
puma (6.4.2) lib/puma/request.rb:99:in `handle_request'
puma (6.4.2) lib/puma/server.rb:464:in `process_client'
puma (6.4.2) lib/puma/server.rb:245:in `block in run'
puma (6.4.2) lib/puma/thread_pool.rb:155:in `block in spawn_thread'
Started GET "/labs/new" for 127.0.0.1 at 2024-02-23 10:05:29 +0300
Processing by LabsController#new as HTML
  Rendering layout layouts/application.html.erb
  Rendering labs/new.html.erb within layouts/application
  Rendered labs/new.html.erb within layouts/application (Duration: 2.6ms | Allocations: 473)
  Rendered layout layouts/application.html.erb (Duration: 8.1ms | Allocations: 1574)
Completed 200 OK in 14ms (Views: 12.6ms | ActiveRecord: 0.0ms | Allocations: 1820)


  [1m[36mActiveRecord::InternalMetadata Load (0.5ms)[0m  [1m[34mSELECT * FROM "ar_internal_metadata" WHERE "ar_internal_metadata"."key" = ? ORDER BY "ar_internal_metadata"."key" ASC LIMIT 1[0m  [[nil, "environment"]]
  [1m[36mActiveRecord::InternalMetadata Create (1.9ms)[0m  [1m[32mINSERT INTO "ar_internal_metadata" ("key", "value", "created_at", "updated_at") VALUES ('environment', 'development', '2024-02-23 07:15:02.926929', '2024-02-23 07:15:02.926937') RETURNING "key"[0m
  [1m[36mActiveRecord::SchemaMigration Load (0.3ms)[0m  [1m[34mSELECT "schema_migrations"."version" FROM "schema_migrations" ORDER BY "schema_migrations"."version" ASC[0m
Migrating to CreateLabs (20240223071330)
  [1m[36mTRANSACTION (0.1ms)[0m  [1m[36mbegin transaction[0m
  [1m[35m (5.0ms)[0m  [1m[35mCREATE TABLE "labs" ("id" integer PRIMARY KEY AUTOINCREMENT NOT NULL, "title" varchar, "body" text, "created_at" datetime(6) NOT NULL, "updated_at" datetime(6) NOT NULL)[0m
  [1m[36mActiveRecord::SchemaMigration Create (0.3ms)[0m  [1m[32mINSERT INTO "schema_migrations" ("version") VALUES ('20240223071330') RETURNING "version"[0m
  [1m[36mTRANSACTION (0.3ms)[0m  [1m[36mcommit transaction[0m
  [1m[36mActiveRecord::SchemaMigration Load (0.2ms)[0m  [1m[34mSELECT "schema_migrations"."version" FROM "schema_migrations" ORDER BY "schema_migrations"."version" ASC[0m
